<?xml version="1.0" encoding="UTF-8"?>
<testsuite xmlns:xsi="http://www.w3.org/2001/XMLSchema-instance" xsi:noNamespaceSchemaLocation="https://maven.apache.org/surefire/maven-surefire-plugin/xsd/surefire-test-report-3.0.xsd" version="3.0" name="com.gzc.singleton.EnumIvoryTowerTest" time="0.117" tests="2" errors="0" skipped="0" failures="0">
  <properties>
    <property name="sun.desktop" value="windows"/>
    <property name="awt.toolkit" value="sun.awt.windows.WToolkit"/>
    <property name="file.encoding.pkg" value="sun.io"/>
    <property name="java.specification.version" value="1.8"/>
    <property name="sun.cpu.isalist" value="amd64"/>
    <property name="sun.jnu.encoding" value="GBK"/>
    <property name="java.class.path" value="D:\GitHub\java-notes\design-patterns\target\test-classes;D:\GitHub\java-notes\design-patterns\target\classes;D:\ENV\apache-maven-repository\org\junit\jupiter\junit-jupiter\5.8.2\junit-jupiter-5.8.2.jar;D:\ENV\apache-maven-repository\org\junit\jupiter\junit-jupiter-api\5.8.2\junit-jupiter-api-5.8.2.jar;D:\ENV\apache-maven-repository\org\opentest4j\opentest4j\1.2.0\opentest4j-1.2.0.jar;D:\ENV\apache-maven-repository\org\junit\platform\junit-platform-commons\1.8.2\junit-platform-commons-1.8.2.jar;D:\ENV\apache-maven-repository\org\apiguardian\apiguardian-api\1.1.2\apiguardian-api-1.1.2.jar;D:\ENV\apache-maven-repository\org\junit\jupiter\junit-jupiter-params\5.8.2\junit-jupiter-params-5.8.2.jar;D:\ENV\apache-maven-repository\org\junit\jupiter\junit-jupiter-engine\5.8.2\junit-jupiter-engine-5.8.2.jar;D:\ENV\apache-maven-repository\org\junit\platform\junit-platform-engine\1.8.2\junit-platform-engine-1.8.2.jar;D:\ENV\apache-maven-repository\org\projectlombok\lombok\1.18.20\lombok-1.18.20.jar;D:\ENV\apache-maven-repository\ch\qos\logback\logback-classic\1.2.5\logback-classic-1.2.5.jar;D:\ENV\apache-maven-repository\ch\qos\logback\logback-core\1.2.5\logback-core-1.2.5.jar;D:\ENV\apache-maven-repository\org\slf4j\slf4j-api\1.7.31\slf4j-api-1.7.31.jar;D:\ENV\apache-maven-repository\com\google\guava\guava\20.0\guava-20.0.jar;D:\ENV\apache-maven-repository\com\google\code\gson\gson\2.8.8\gson-2.8.8.jar;D:\ENV\apache-maven-repository\io\netty\netty-all\4.1.68.Final\netty-all-4.1.68.Final.jar;"/>
    <property name="java.vm.vendor" value="Oracle Corporation"/>
    <property name="sun.arch.data.model" value="64"/>
    <property name="user.variant" value=""/>
    <property name="java.vendor.url" value="http://java.oracle.com/"/>
    <property name="user.timezone" value="Asia/Shanghai"/>
    <property name="java.vm.specification.version" value="1.8"/>
    <property name="os.name" value="Windows 10"/>
    <property name="user.country" value="CN"/>
    <property name="sun.java.launcher" value="SUN_STANDARD"/>
    <property name="sun.boot.library.path" value="D:\ENV\Java\jdk\jre\bin"/>
    <property name="sun.java.command" value="C:\Users\Administrator\AppData\Local\Temp\surefire7286647842424826924\surefirebooter8469739063013885018.jar C:\Users\Administrator\AppData\Local\Temp\surefire7286647842424826924 2022-01-20T17-11-17_766-jvmRun1 surefire4242002229819902962tmp surefire_03033839130117764200tmp"/>
    <property name="surefire.test.class.path" value="D:\GitHub\java-notes\design-patterns\target\test-classes;D:\GitHub\java-notes\design-patterns\target\classes;D:\ENV\apache-maven-repository\org\junit\jupiter\junit-jupiter\5.8.2\junit-jupiter-5.8.2.jar;D:\ENV\apache-maven-repository\org\junit\jupiter\junit-jupiter-api\5.8.2\junit-jupiter-api-5.8.2.jar;D:\ENV\apache-maven-repository\org\opentest4j\opentest4j\1.2.0\opentest4j-1.2.0.jar;D:\ENV\apache-maven-repository\org\junit\platform\junit-platform-commons\1.8.2\junit-platform-commons-1.8.2.jar;D:\ENV\apache-maven-repository\org\apiguardian\apiguardian-api\1.1.2\apiguardian-api-1.1.2.jar;D:\ENV\apache-maven-repository\org\junit\jupiter\junit-jupiter-params\5.8.2\junit-jupiter-params-5.8.2.jar;D:\ENV\apache-maven-repository\org\junit\jupiter\junit-jupiter-engine\5.8.2\junit-jupiter-engine-5.8.2.jar;D:\ENV\apache-maven-repository\org\junit\platform\junit-platform-engine\1.8.2\junit-platform-engine-1.8.2.jar;D:\ENV\apache-maven-repository\org\projectlombok\lombok\1.18.20\lombok-1.18.20.jar;D:\ENV\apache-maven-repository\ch\qos\logback\logback-classic\1.2.5\logback-classic-1.2.5.jar;D:\ENV\apache-maven-repository\ch\qos\logback\logback-core\1.2.5\logback-core-1.2.5.jar;D:\ENV\apache-maven-repository\org\slf4j\slf4j-api\1.7.31\slf4j-api-1.7.31.jar;D:\ENV\apache-maven-repository\com\google\guava\guava\20.0\guava-20.0.jar;D:\ENV\apache-maven-repository\com\google\code\gson\gson\2.8.8\gson-2.8.8.jar;D:\ENV\apache-maven-repository\io\netty\netty-all\4.1.68.Final\netty-all-4.1.68.Final.jar;"/>
    <property name="sun.cpu.endian" value="little"/>
    <property name="user.home" value="C:\Users\Administrator"/>
    <property name="user.language" value="zh"/>
    <property name="java.specification.vendor" value="Oracle Corporation"/>
    <property name="java.home" value="D:\ENV\Java\jdk\jre"/>
    <property name="basedir" value="D:\GitHub\java-notes\design-patterns"/>
    <property name="file.separator" value="\"/>
    <property name="line.separator" value="&#10;"/>
    <property name="java.vm.specification.vendor" value="Oracle Corporation"/>
    <property name="java.specification.name" value="Java Platform API Specification"/>
    <property name="java.awt.graphicsenv" value="sun.awt.Win32GraphicsEnvironment"/>
    <property name="surefire.real.class.path" value="C:\Users\Administrator\AppData\Local\Temp\surefire7286647842424826924\surefirebooter8469739063013885018.jar"/>
    <property name="sun.boot.class.path" value="D:\ENV\Java\jdk\jre\lib\resources.jar;D:\ENV\Java\jdk\jre\lib\rt.jar;D:\ENV\Java\jdk\jre\lib\sunrsasign.jar;D:\ENV\Java\jdk\jre\lib\jsse.jar;D:\ENV\Java\jdk\jre\lib\jce.jar;D:\ENV\Java\jdk\jre\lib\charsets.jar;D:\ENV\Java\jdk\jre\lib\jfr.jar;D:\ENV\Java\jdk\jre\classes"/>
    <property name="user.script" value=""/>
    <property name="sun.management.compiler" value="HotSpot 64-Bit Tiered Compilers"/>
    <property name="java.runtime.version" value="1.8.0_121-b13"/>
    <property name="user.name" value="Administrator"/>
    <property name="path.separator" value=";"/>
    <property name="os.version" value="10.0"/>
    <property name="java.endorsed.dirs" value="D:\ENV\Java\jdk\jre\lib\endorsed"/>
    <property name="java.runtime.name" value="Java(TM) SE Runtime Environment"/>
    <property name="file.encoding" value="GBK"/>
    <property name="java.vm.name" value="Java HotSpot(TM) 64-Bit Server VM"/>
    <property name="localRepository" value="D:\ENV\apache-maven-repository"/>
    <property name="java.vendor.url.bug" value="http://bugreport.sun.com/bugreport/"/>
    <property name="java.io.tmpdir" value="C:\Users\ADMINI~1\AppData\Local\Temp\"/>
    <property name="idea.version" value="2021.2"/>
    <property name="java.version" value="1.8.0_121"/>
    <property name="user.dir" value="D:\GitHub\java-notes\design-patterns"/>
    <property name="os.arch" value="amd64"/>
    <property name="java.vm.specification.name" value="Java Virtual Machine Specification"/>
    <property name="java.awt.printerjob" value="sun.awt.windows.WPrinterJob"/>
    <property name="sun.os.patch.level" value=""/>
    <property name="java.library.path" value="D:\ENV\Java\jdk\jre\bin;C:\Windows\Sun\Java\bin;C:\Windows\system32;C:\Windows;C:\Windows\system32;C:\Windows;C:\Windows\System32\Wbem;C:\Windows\System32\WindowsPowerShell\v1.0\;C:\Windows\System32\OpenSSH\;C:\Windows\SysWOW64\5097;C:\Windows\SysWOW64\5097;C:\Windows\SysWOW64;C:\Program Files\Git\cmd;D:\Program Files (x86)\NetSarang\Xftp 7\;D:\Program Files (x86)\NetSarang\Xshell 7\;D:\ENV\Java\jdk\bin;D:\ENV\apache-maven-3.8.2\bin;C:\Users\Administrator\AppData\Roaming\npm;D:\Program Files\nodejs\;C:\Program Files\MongoDB\Server\3.2\bin;C:\Users\Administrator\AppData\Local\Programs\Python\Python310\Scripts\;C:\Users\Administrator\AppData\Local\Programs\Python\Python310\;C:\Users\Administrator\AppData\Local\Microsoft\WindowsApps;C:\Users\Administrator\AppData\Local\GitHubDesktop\bin;C:\Users\Administrator\AppData\Roaming\npm;D:\Microsoft VS Code\bin;."/>
    <property name="java.vm.info" value="mixed mode"/>
    <property name="java.vendor" value="Oracle Corporation"/>
    <property name="java.vm.version" value="25.121-b13"/>
    <property name="java.ext.dirs" value="D:\ENV\Java\jdk\jre\lib\ext;C:\Windows\Sun\Java\lib\ext"/>
    <property name="sun.io.unicode.encoding" value="UnicodeLittle"/>
    <property name="maven.repo.local" value="D:\ENV\apache-maven-repository"/>
    <property name="java.class.version" value="52.0"/>
  </properties>
  <testcase name="testMultipleCallsReturnTheSameObjectInDifferentThreads" classname="com.gzc.singleton.EnumIvoryTowerTest" time="0.051"/>
  <testcase name="testMultipleCallsReturnTheSameObjectInSameThread" classname="com.gzc.singleton.EnumIvoryTowerTest" time="0.001"/>
</testsuite>